<?xml version="1.0" encoding="UTF-8"?>
<!-- Generated by org.testng.reporters.JUnitXMLReporter -->
<testsuite hostname="BDC8-DX-6PKDH92" ignored="0" name="Test" tests="1" failures="1" timestamp="18 Jul 2018 04:09:01 GMT" time="34.76" errors="0">
  <testcase name="testlogin" time="34.584" classname="Test2.Project_GITHUB">
    <failure type="java.lang.AssertionError" message="expected [Sign in to GitHub . GitHub] but found [GitHub]">
      <![CDATA[java.lang.AssertionError: expected [Sign in to GitHub . GitHub] but found [GitHub]
at Test2.Project_GITHUB.testlogin(Project_GITHUB.java:22)
... Removed 31 stack frames]]>
    </failure>
  </testcase> <!-- testlogin -->
</testsuite> <!-- Test -->
